GROUP,PACKAGE,CLASS,INSTRUCTION_MISSED,INSTRUCTION_COVERED,BRANCH_MISSED,BRANCH_COVERED,LINE_MISSED,LINE_COVERED,COMPLEXITY_MISSED,COMPLEXITY_COVERED,METHOD_MISSED,METHOD_COVERED
service,org.example.mappers,CreateMapperExample,0,27,0,0,0,9,0,2,0,2
service,org.example.mappers,ReadMapperExample,0,27,0,0,0,9,0,2,0,2
service,org.example.service,UserService,0,70,0,2,0,9,0,5,0,4
service,org.example,DateTimeFormatterExample,3,17,0,0,1,7,1,3,1,3
service,org.example.validation,ValidationResult,0,21,0,0,0,5,0,4,0,4
service,org.example.validation,ValidatorException,3,6,0,0,1,3,1,1,1,1
service,org.example.validation,RegistrationValidator,0,51,0,10,0,13,0,7,0,2
