<?xml version="1.0" encoding="UTF-8"?>
<testsuite xmlns:xsi="http://www.w3.org/2001/XMLSchema-instance" xsi:noNamespaceSchemaLocation="https://maven.apache.org/surefire/maven-surefire-plugin/xsd/surefire-test-report-3.0.xsd" version="3.0" name="org.example.DateTimeFormatterExampleTest" time="0.265" tests="6" errors="0" skipped="0" failures="0">
  <properties>
[...]
</properties>
  <testcase name="formatterFail" classname="org.example.DateTimeFormatterExampleTest" time="0.05"/>
  <testcase name="format" classname="org.example.DateTimeFormatterExampleTest" time="0.111"/>
  <testcase name="isValidTest(String, boolean)[1]" classname="org.example.DateTimeFormatterExampleTest" time="0.029"/>
  <testcase name="isValidTest(String, boolean)[2]" classname="org.example.DateTimeFormatterExampleTest" time="0.002"/>
  <testcase name="isValidTest(String, boolean)[3]" classname="org.example.DateTimeFormatterExampleTest" time="0.001"/>
  <testcase name="isValidTest(String, boolean)[4]" classname="org.example.DateTimeFormatterExampleTest" time="0.002"/>
</testsuite>